2015-10-10 15:59:00.445  INFO 12844 --- [main] cisco.assignment.App                     : Starting App on woodhouse with PID 12844 (/home/kyle/eclipse-spring/cisco/assignment/target/classes started by kyle in /home/kyle/eclipse-spring/cisco/assignment)
2015-10-10 15:59:00.449 DEBUG 12844 --- [main] cisco.assignment.App                     : Running with Spring Boot v1.2.6.RELEASE, Spring v4.1.7.RELEASE
2015-10-10 15:59:00.495  INFO 12844 --- [main] ationConfigEmbeddedWebApplicationContext : Refreshing org.springframework.boot.context.embedded.AnnotationConfigEmbeddedWebApplicationContext@1d371b2d: startup date [Sat Oct 10 15:59:00 EDT 2015]; root of context hierarchy
2015-10-10 15:59:01.075  INFO 12844 --- [main] o.s.b.f.s.DefaultListableBeanFactory     : Overriding bean definition for bean 'beanNameViewResolver': replacing [Root bean: class [null]; scope=; abstract=false; lazyInit=false; autowireMode=3; dependencyCheck=0; autowireCandidate=true; primary=false; factoryBeanName=org.springframework.boot.autoconfigure.web.ErrorMvcAutoConfiguration$WhitelabelErrorViewConfiguration; factoryMethodName=beanNameViewResolver; initMethodName=null; destroyMethodName=(inferred); defined in class path resource [org/springframework/boot/autoconfigure/web/ErrorMvcAutoConfiguration$WhitelabelErrorViewConfiguration.class]] with [Root bean: class [null]; scope=; abstract=false; lazyInit=false; autowireMode=3; dependencyCheck=0; autowireCandidate=true; primary=false; factoryBeanName=org.springframework.boot.autoconfigure.web.WebMvcAutoConfiguration$WebMvcAutoConfigurationAdapter; factoryMethodName=beanNameViewResolver; initMethodName=null; destroyMethodName=(inferred); defined in class path resource [org/springframework/boot/autoconfigure/web/WebMvcAutoConfiguration$WebMvcAutoConfigurationAdapter.class]]
2015-10-10 15:59:01.841  INFO 12844 --- [main] s.b.c.e.t.TomcatEmbeddedServletContainer : Tomcat initialized with port(s): 8080 (http)
2015-10-10 15:59:02.078  INFO 12844 --- [main] o.apache.catalina.core.StandardService   : Starting service Tomcat
2015-10-10 15:59:02.080  INFO 12844 --- [main] org.apache.catalina.core.StandardEngine  : Starting Servlet Engine: Apache Tomcat/8.0.26
2015-10-10 15:59:02.184  INFO 12844 --- [localhost-startStop-1] o.a.c.c.C.[Tomcat].[localhost].[/]       : Initializing Spring embedded WebApplicationContext
2015-10-10 15:59:02.184  INFO 12844 --- [localhost-startStop-1] o.s.web.context.ContextLoader            : Root WebApplicationContext: initialization completed in 1693 ms
2015-10-10 15:59:03.010  INFO 12844 --- [localhost-startStop-1] o.s.b.c.e.ServletRegistrationBean        : Mapping servlet: 'dispatcherServlet' to [/]
2015-10-10 15:59:03.017  INFO 12844 --- [localhost-startStop-1] o.s.b.c.embedded.FilterRegistrationBean  : Mapping filter: 'characterEncodingFilter' to: [/*]
2015-10-10 15:59:03.017  INFO 12844 --- [localhost-startStop-1] o.s.b.c.embedded.FilterRegistrationBean  : Mapping filter: 'hiddenHttpMethodFilter' to: [/*]
2015-10-10 15:59:03.018  INFO 12844 --- [localhost-startStop-1] o.s.b.c.embedded.FilterRegistrationBean  : Mapping filter: 'requestFilter' to: [/*]
2015-10-10 15:59:03.421  INFO 12844 --- [main] s.w.s.m.m.a.RequestMappingHandlerAdapter : Looking for @ControllerAdvice: org.springframework.boot.context.embedded.AnnotationConfigEmbeddedWebApplicationContext@1d371b2d: startup date [Sat Oct 10 15:59:00 EDT 2015]; root of context hierarchy
2015-10-10 15:59:03.466  INFO 12844 --- [main] s.w.s.m.m.a.RequestMappingHandlerMapping : Mapped "{[]}" onto public void cisco.assignment.controller.InputController.unmappedOperations(javax.servlet.http.HttpServletRequest,javax.servlet.http.HttpServletResponse)
2015-10-10 15:59:03.467  INFO 12844 --- [main] s.w.s.m.m.a.RequestMappingHandlerMapping : Mapped "{[/api/objects],methods=[GET],produces=[application/json]}" onto public cisco.assignment.model.URLListObject cisco.assignment.controller.InputController.getAll(javax.servlet.http.HttpServletRequest)
2015-10-10 15:59:03.468  INFO 12844 --- [main] s.w.s.m.m.a.RequestMappingHandlerMapping : Mapped "{[/api/objects],methods=[POST],consumes=[application/json],produces=[application/json]}" onto public cisco.assignment.model.DataObject cisco.assignment.controller.InputController.post(java.util.Map<java.lang.String, java.lang.Object>)
2015-10-10 15:59:03.469  INFO 12844 --- [main] s.w.s.m.m.a.RequestMappingHandlerMapping : Mapped "{[/api/objects/{uid}],methods=[GET],produces=[application/json]}" onto public cisco.assignment.model.DataObject cisco.assignment.controller.InputController.get(java.lang.String)
2015-10-10 15:59:03.469  INFO 12844 --- [main] s.w.s.m.m.a.RequestMappingHandlerMapping : Mapped "{[/api/objects/{uid}],methods=[PUT],consumes=[application/json],produces=[application/json]}" onto public cisco.assignment.model.DataObject cisco.assignment.controller.InputController.put(java.lang.String,java.util.Map<java.lang.String, java.lang.Object>)
2015-10-10 15:59:03.469  INFO 12844 --- [main] s.w.s.m.m.a.RequestMappingHandlerMapping : Mapped "{[/api/objects/{uid}],methods=[DELETE]}" onto public void cisco.assignment.controller.InputController.delete(java.lang.String)
2015-10-10 15:59:03.471  INFO 12844 --- [main] s.w.s.m.m.a.RequestMappingHandlerMapping : Mapped "{[/error],produces=[text/html]}" onto public org.springframework.web.servlet.ModelAndView org.springframework.boot.autoconfigure.web.BasicErrorController.errorHtml(javax.servlet.http.HttpServletRequest)
2015-10-10 15:59:03.471  INFO 12844 --- [main] s.w.s.m.m.a.RequestMappingHandlerMapping : Mapped "{[/error]}" onto public org.springframework.http.ResponseEntity<java.util.Map<java.lang.String, java.lang.Object>> org.springframework.boot.autoconfigure.web.BasicErrorController.error(javax.servlet.http.HttpServletRequest)
2015-10-10 15:59:03.496  INFO 12844 --- [main] o.s.w.s.handler.SimpleUrlHandlerMapping  : Mapped URL path [/webjars/**] onto handler of type [class org.springframework.web.servlet.resource.ResourceHttpRequestHandler]
2015-10-10 15:59:03.496  INFO 12844 --- [main] o.s.w.s.handler.SimpleUrlHandlerMapping  : Mapped URL path [/**] onto handler of type [class org.springframework.web.servlet.resource.ResourceHttpRequestHandler]
2015-10-10 15:59:03.514  INFO 12844 --- [main] .m.m.a.ExceptionHandlerExceptionResolver : Detected @ExceptionHandler methods in exceptionController
2015-10-10 15:59:03.538  INFO 12844 --- [main] o.s.w.s.handler.SimpleUrlHandlerMapping  : Mapped URL path [/**/favicon.ico] onto handler of type [class org.springframework.web.servlet.resource.ResourceHttpRequestHandler]
2015-10-10 15:59:03.605  INFO 12844 --- [main] o.s.j.e.a.AnnotationMBeanExporter        : Registering beans for JMX exposure on startup
2015-10-10 15:59:03.671  INFO 12844 --- [main] s.b.c.e.t.TomcatEmbeddedServletContainer : Tomcat started on port(s): 8080 (http)
2015-10-10 15:59:03.673  INFO 12844 --- [main] cisco.assignment.App                     : Started App in 3.478 seconds (JVM running for 3.88)
2015-10-10 15:59:09.669  INFO 12844 --- [http-nio-8080-exec-1] o.a.c.c.C.[Tomcat].[localhost].[/]       : Initializing Spring FrameworkServlet 'dispatcherServlet'
2015-10-10 15:59:09.669  INFO 12844 --- [http-nio-8080-exec-1] o.s.web.servlet.DispatcherServlet        : FrameworkServlet 'dispatcherServlet': initialization started
2015-10-10 15:59:09.679  INFO 12844 --- [http-nio-8080-exec-1] o.s.web.servlet.DispatcherServlet        : FrameworkServlet 'dispatcherServlet': initialization completed in 10 ms
2015-10-10 15:59:09.750 ERROR 12844 --- [http-nio-8080-exec-1] c.assignment.controller.InputController  : Payload not JSON
2015-10-10 15:59:18.041 ERROR 12844 --- [http-nio-8080-exec-2] c.assignment.controller.InputController  : PATCH: Unsupported method
2015-10-10 16:12:51.698  INFO 12844 --- [Thread-1] ationConfigEmbeddedWebApplicationContext : Closing org.springframework.boot.context.embedded.AnnotationConfigEmbeddedWebApplicationContext@1d371b2d: startup date [Sat Oct 10 15:59:00 EDT 2015]; root of context hierarchy
2015-10-10 16:12:51.699  INFO 12844 --- [Thread-1] o.s.j.e.a.AnnotationMBeanExporter        : Unregistering JMX-exposed beans on shutdown
2015-10-10 16:12:54.260  INFO 13256 --- [main] cisco.assignment.App                     : Starting App on woodhouse with PID 13256 (/home/kyle/eclipse-spring/cisco/assignment/target/classes started by kyle in /home/kyle/eclipse-spring/cisco/assignment)
2015-10-10 16:12:54.264 DEBUG 13256 --- [main] cisco.assignment.App                     : Running with Spring Boot v1.2.6.RELEASE, Spring v4.1.7.RELEASE
2015-10-10 16:12:54.311  INFO 13256 --- [main] ationConfigEmbeddedWebApplicationContext : Refreshing org.springframework.boot.context.embedded.AnnotationConfigEmbeddedWebApplicationContext@1d371b2d: startup date [Sat Oct 10 16:12:54 EDT 2015]; root of context hierarchy
2015-10-10 16:12:54.860  INFO 13256 --- [main] o.s.b.f.s.DefaultListableBeanFactory     : Overriding bean definition for bean 'beanNameViewResolver': replacing [Root bean: class [null]; scope=; abstract=false; lazyInit=false; autowireMode=3; dependencyCheck=0; autowireCandidate=true; primary=false; factoryBeanName=org.springframework.boot.autoconfigure.web.ErrorMvcAutoConfiguration$WhitelabelErrorViewConfiguration; factoryMethodName=beanNameViewResolver; initMethodName=null; destroyMethodName=(inferred); defined in class path resource [org/springframework/boot/autoconfigure/web/ErrorMvcAutoConfiguration$WhitelabelErrorViewConfiguration.class]] with [Root bean: class [null]; scope=; abstract=false; lazyInit=false; autowireMode=3; dependencyCheck=0; autowireCandidate=true; primary=false; factoryBeanName=org.springframework.boot.autoconfigure.web.WebMvcAutoConfiguration$WebMvcAutoConfigurationAdapter; factoryMethodName=beanNameViewResolver; initMethodName=null; destroyMethodName=(inferred); defined in class path resource [org/springframework/boot/autoconfigure/web/WebMvcAutoConfiguration$WebMvcAutoConfigurationAdapter.class]]
2015-10-10 16:12:55.781  INFO 13256 --- [main] s.b.c.e.t.TomcatEmbeddedServletContainer : Tomcat initialized with port(s): 8080 (http)
2015-10-10 16:12:56.062  INFO 13256 --- [main] o.apache.catalina.core.StandardService   : Starting service Tomcat
2015-10-10 16:12:56.064  INFO 13256 --- [main] org.apache.catalina.core.StandardEngine  : Starting Servlet Engine: Apache Tomcat/8.0.26
2015-10-10 16:12:56.171  INFO 13256 --- [localhost-startStop-1] o.a.c.c.C.[Tomcat].[localhost].[/]       : Initializing Spring embedded WebApplicationContext
2015-10-10 16:12:56.172  INFO 13256 --- [localhost-startStop-1] o.s.web.context.ContextLoader            : Root WebApplicationContext: initialization completed in 1864 ms
2015-10-10 16:12:57.004  INFO 13256 --- [localhost-startStop-1] o.s.b.c.e.ServletRegistrationBean        : Mapping servlet: 'dispatcherServlet' to [/]
2015-10-10 16:12:57.008  INFO 13256 --- [localhost-startStop-1] o.s.b.c.embedded.FilterRegistrationBean  : Mapping filter: 'characterEncodingFilter' to: [/*]
2015-10-10 16:12:57.009  INFO 13256 --- [localhost-startStop-1] o.s.b.c.embedded.FilterRegistrationBean  : Mapping filter: 'hiddenHttpMethodFilter' to: [/*]
2015-10-10 16:12:57.009  INFO 13256 --- [localhost-startStop-1] o.s.b.c.embedded.FilterRegistrationBean  : Mapping filter: 'requestFilter' to: [/*]
2015-10-10 16:12:57.429  INFO 13256 --- [main] s.w.s.m.m.a.RequestMappingHandlerAdapter : Looking for @ControllerAdvice: org.springframework.boot.context.embedded.AnnotationConfigEmbeddedWebApplicationContext@1d371b2d: startup date [Sat Oct 10 16:12:54 EDT 2015]; root of context hierarchy
2015-10-10 16:12:57.477  INFO 13256 --- [main] s.w.s.m.m.a.RequestMappingHandlerMapping : Mapped "{[]}" onto public void cisco.assignment.controller.InputController.unmappedOperations(javax.servlet.http.HttpServletRequest,javax.servlet.http.HttpServletResponse)
2015-10-10 16:12:57.478  INFO 13256 --- [main] s.w.s.m.m.a.RequestMappingHandlerMapping : Mapped "{[/api/objects],methods=[GET],produces=[application/json]}" onto public cisco.assignment.model.URLListObject cisco.assignment.controller.InputController.getAll(javax.servlet.http.HttpServletRequest)
2015-10-10 16:12:57.478  INFO 13256 --- [main] s.w.s.m.m.a.RequestMappingHandlerMapping : Mapped "{[/api/objects],methods=[POST],consumes=[application/json],produces=[application/json]}" onto public cisco.assignment.model.DataObject cisco.assignment.controller.InputController.post(java.util.Map<java.lang.String, java.lang.Object>)
2015-10-10 16:12:57.479  INFO 13256 --- [main] s.w.s.m.m.a.RequestMappingHandlerMapping : Mapped "{[/api/objects/{uid}],methods=[GET],produces=[application/json]}" onto public cisco.assignment.model.DataObject cisco.assignment.controller.InputController.get(java.lang.String)
2015-10-10 16:12:57.479  INFO 13256 --- [main] s.w.s.m.m.a.RequestMappingHandlerMapping : Mapped "{[/api/objects/{uid}],methods=[PUT],consumes=[application/json],produces=[application/json]}" onto public cisco.assignment.model.DataObject cisco.assignment.controller.InputController.put(java.lang.String,java.util.Map<java.lang.String, java.lang.Object>)
2015-10-10 16:12:57.479  INFO 13256 --- [main] s.w.s.m.m.a.RequestMappingHandlerMapping : Mapped "{[/api/objects/{uid}],methods=[DELETE]}" onto public void cisco.assignment.controller.InputController.delete(java.lang.String)
2015-10-10 16:12:57.481  INFO 13256 --- [main] s.w.s.m.m.a.RequestMappingHandlerMapping : Mapped "{[/error],produces=[text/html]}" onto public org.springframework.web.servlet.ModelAndView org.springframework.boot.autoconfigure.web.BasicErrorController.errorHtml(javax.servlet.http.HttpServletRequest)
2015-10-10 16:12:57.481  INFO 13256 --- [main] s.w.s.m.m.a.RequestMappingHandlerMapping : Mapped "{[/error]}" onto public org.springframework.http.ResponseEntity<java.util.Map<java.lang.String, java.lang.Object>> org.springframework.boot.autoconfigure.web.BasicErrorController.error(javax.servlet.http.HttpServletRequest)
2015-10-10 16:12:57.508  INFO 13256 --- [main] o.s.w.s.handler.SimpleUrlHandlerMapping  : Mapped URL path [/webjars/**] onto handler of type [class org.springframework.web.servlet.resource.ResourceHttpRequestHandler]
2015-10-10 16:12:57.508  INFO 13256 --- [main] o.s.w.s.handler.SimpleUrlHandlerMapping  : Mapped URL path [/**] onto handler of type [class org.springframework.web.servlet.resource.ResourceHttpRequestHandler]
2015-10-10 16:12:57.524  INFO 13256 --- [main] .m.m.a.ExceptionHandlerExceptionResolver : Detected @ExceptionHandler methods in exceptionController
2015-10-10 16:12:57.551  INFO 13256 --- [main] o.s.w.s.handler.SimpleUrlHandlerMapping  : Mapped URL path [/**/favicon.ico] onto handler of type [class org.springframework.web.servlet.resource.ResourceHttpRequestHandler]
2015-10-10 16:12:57.613  INFO 13256 --- [main] o.s.j.e.a.AnnotationMBeanExporter        : Registering beans for JMX exposure on startup
2015-10-10 16:12:57.680  INFO 13256 --- [main] s.b.c.e.t.TomcatEmbeddedServletContainer : Tomcat started on port(s): 8080 (http)
2015-10-10 16:12:57.681  INFO 13256 --- [main] cisco.assignment.App                     : Started App in 3.656 seconds (JVM running for 4.046)
2015-10-10 16:13:04.511  INFO 13256 --- [http-nio-8080-exec-1] o.a.c.c.C.[Tomcat].[localhost].[/]       : Initializing Spring FrameworkServlet 'dispatcherServlet'
2015-10-10 16:13:04.511  INFO 13256 --- [http-nio-8080-exec-1] o.s.web.servlet.DispatcherServlet        : FrameworkServlet 'dispatcherServlet': initialization started
2015-10-10 16:13:04.522  INFO 13256 --- [http-nio-8080-exec-1] o.s.web.servlet.DispatcherServlet        : FrameworkServlet 'dispatcherServlet': initialization completed in 11 ms
2015-10-10 16:13:04.591 ERROR 13256 --- [http-nio-8080-exec-1] c.assignment.controller.InputController  : Payload not JSON
2015-10-10 16:16:31.500  INFO 13256 --- [Thread-1] ationConfigEmbeddedWebApplicationContext : Closing org.springframework.boot.context.embedded.AnnotationConfigEmbeddedWebApplicationContext@1d371b2d: startup date [Sat Oct 10 16:12:54 EDT 2015]; root of context hierarchy
2015-10-10 16:16:31.505  INFO 13256 --- [Thread-1] o.s.j.e.a.AnnotationMBeanExporter        : Unregistering JMX-exposed beans on shutdown
2015-10-10 16:16:36.172  INFO 13373 --- [main] cisco.assignment.App                     : Starting App on woodhouse with PID 13373 (/home/kyle/eclipse-spring/cisco/assignment/target/classes started by kyle in /home/kyle/eclipse-spring/cisco/assignment)
2015-10-10 16:16:36.175 DEBUG 13373 --- [main] cisco.assignment.App                     : Running with Spring Boot v1.2.6.RELEASE, Spring v4.1.7.RELEASE
2015-10-10 16:16:36.211  INFO 13373 --- [main] ationConfigEmbeddedWebApplicationContext : Refreshing org.springframework.boot.context.embedded.AnnotationConfigEmbeddedWebApplicationContext@1d371b2d: startup date [Sat Oct 10 16:16:36 EDT 2015]; root of context hierarchy
2015-10-10 16:16:36.794  INFO 13373 --- [main] o.s.b.f.s.DefaultListableBeanFactory     : Overriding bean definition for bean 'beanNameViewResolver': replacing [Root bean: class [null]; scope=; abstract=false; lazyInit=false; autowireMode=3; dependencyCheck=0; autowireCandidate=true; primary=false; factoryBeanName=org.springframework.boot.autoconfigure.web.ErrorMvcAutoConfiguration$WhitelabelErrorViewConfiguration; factoryMethodName=beanNameViewResolver; initMethodName=null; destroyMethodName=(inferred); defined in class path resource [org/springframework/boot/autoconfigure/web/ErrorMvcAutoConfiguration$WhitelabelErrorViewConfiguration.class]] with [Root bean: class [null]; scope=; abstract=false; lazyInit=false; autowireMode=3; dependencyCheck=0; autowireCandidate=true; primary=false; factoryBeanName=org.springframework.boot.autoconfigure.web.WebMvcAutoConfiguration$WebMvcAutoConfigurationAdapter; factoryMethodName=beanNameViewResolver; initMethodName=null; destroyMethodName=(inferred); defined in class path resource [org/springframework/boot/autoconfigure/web/WebMvcAutoConfiguration$WebMvcAutoConfigurationAdapter.class]]
2015-10-10 16:16:37.601  INFO 13373 --- [main] s.b.c.e.t.TomcatEmbeddedServletContainer : Tomcat initialized with port(s): 8080 (http)
2015-10-10 16:16:37.861  INFO 13373 --- [main] o.apache.catalina.core.StandardService   : Starting service Tomcat
2015-10-10 16:16:37.863  INFO 13373 --- [main] org.apache.catalina.core.StandardEngine  : Starting Servlet Engine: Apache Tomcat/8.0.26
2015-10-10 16:16:37.964  INFO 13373 --- [localhost-startStop-1] o.a.c.c.C.[Tomcat].[localhost].[/]       : Initializing Spring embedded WebApplicationContext
2015-10-10 16:16:37.965  INFO 13373 --- [localhost-startStop-1] o.s.web.context.ContextLoader            : Root WebApplicationContext: initialization completed in 1757 ms
2015-10-10 16:16:38.838  INFO 13373 --- [localhost-startStop-1] o.s.b.c.e.ServletRegistrationBean        : Mapping servlet: 'dispatcherServlet' to [/]
2015-10-10 16:16:38.843  INFO 13373 --- [localhost-startStop-1] o.s.b.c.embedded.FilterRegistrationBean  : Mapping filter: 'characterEncodingFilter' to: [/*]
2015-10-10 16:16:38.844  INFO 13373 --- [localhost-startStop-1] o.s.b.c.embedded.FilterRegistrationBean  : Mapping filter: 'hiddenHttpMethodFilter' to: [/*]
2015-10-10 16:16:38.844  INFO 13373 --- [localhost-startStop-1] o.s.b.c.embedded.FilterRegistrationBean  : Mapping filter: 'requestFilter' to: [/*]
2015-10-10 16:16:39.287  INFO 13373 --- [main] s.w.s.m.m.a.RequestMappingHandlerAdapter : Looking for @ControllerAdvice: org.springframework.boot.context.embedded.AnnotationConfigEmbeddedWebApplicationContext@1d371b2d: startup date [Sat Oct 10 16:16:36 EDT 2015]; root of context hierarchy
2015-10-10 16:16:39.364  INFO 13373 --- [main] s.w.s.m.m.a.RequestMappingHandlerMapping : Mapped "{[]}" onto public void cisco.assignment.controller.InputController.unmappedOperations(javax.servlet.http.HttpServletRequest,javax.servlet.http.HttpServletResponse)
2015-10-10 16:16:39.365  INFO 13373 --- [main] s.w.s.m.m.a.RequestMappingHandlerMapping : Mapped "{[/api/objects],methods=[POST],consumes=[application/json],produces=[application/json]}" onto public cisco.assignment.model.DataObject cisco.assignment.controller.InputController.post(java.util.Map<java.lang.String, java.lang.Object>)
2015-10-10 16:16:39.366  INFO 13373 --- [main] s.w.s.m.m.a.RequestMappingHandlerMapping : Mapped "{[/api/objects],methods=[GET],produces=[application/json]}" onto public cisco.assignment.model.URLListObject cisco.assignment.controller.InputController.getAll(javax.servlet.http.HttpServletRequest)
2015-10-10 16:16:39.366  INFO 13373 --- [main] s.w.s.m.m.a.RequestMappingHandlerMapping : Mapped "{[/api/objects/{uid}],methods=[GET],produces=[application/json]}" onto public cisco.assignment.model.DataObject cisco.assignment.controller.InputController.get(java.lang.String)
2015-10-10 16:16:39.366  INFO 13373 --- [main] s.w.s.m.m.a.RequestMappingHandlerMapping : Mapped "{[/api/objects/{uid}],methods=[PUT],consumes=[application/json],produces=[application/json]}" onto public cisco.assignment.model.DataObject cisco.assignment.controller.InputController.put(java.lang.String,java.util.Map<java.lang.String, java.lang.Object>)
2015-10-10 16:16:39.367  INFO 13373 --- [main] s.w.s.m.m.a.RequestMappingHandlerMapping : Mapped "{[/api/objects/{uid}],methods=[DELETE]}" onto public void cisco.assignment.controller.InputController.delete(java.lang.String)
2015-10-10 16:16:39.368  INFO 13373 --- [main] s.w.s.m.m.a.RequestMappingHandlerMapping : Mapped "{[/error],produces=[text/html]}" onto public org.springframework.web.servlet.ModelAndView org.springframework.boot.autoconfigure.web.BasicErrorController.errorHtml(javax.servlet.http.HttpServletRequest)
2015-10-10 16:16:39.369  INFO 13373 --- [main] s.w.s.m.m.a.RequestMappingHandlerMapping : Mapped "{[/error]}" onto public org.springframework.http.ResponseEntity<java.util.Map<java.lang.String, java.lang.Object>> org.springframework.boot.autoconfigure.web.BasicErrorController.error(javax.servlet.http.HttpServletRequest)
2015-10-10 16:16:39.397  INFO 13373 --- [main] o.s.w.s.handler.SimpleUrlHandlerMapping  : Mapped URL path [/webjars/**] onto handler of type [class org.springframework.web.servlet.resource.ResourceHttpRequestHandler]
2015-10-10 16:16:39.397  INFO 13373 --- [main] o.s.w.s.handler.SimpleUrlHandlerMapping  : Mapped URL path [/**] onto handler of type [class org.springframework.web.servlet.resource.ResourceHttpRequestHandler]
2015-10-10 16:16:39.424  INFO 13373 --- [main] .m.m.a.ExceptionHandlerExceptionResolver : Detected @ExceptionHandler methods in exceptionController
2015-10-10 16:16:39.451  INFO 13373 --- [main] o.s.w.s.handler.SimpleUrlHandlerMapping  : Mapped URL path [/**/favicon.ico] onto handler of type [class org.springframework.web.servlet.resource.ResourceHttpRequestHandler]
2015-10-10 16:16:39.533  INFO 13373 --- [main] o.s.j.e.a.AnnotationMBeanExporter        : Registering beans for JMX exposure on startup
2015-10-10 16:16:39.630  INFO 13373 --- [main] s.b.c.e.t.TomcatEmbeddedServletContainer : Tomcat started on port(s): 8080 (http)
2015-10-10 16:16:39.634  INFO 13373 --- [main] cisco.assignment.App                     : Started App in 3.709 seconds (JVM running for 4.112)
2015-10-10 16:16:46.385  INFO 13373 --- [http-nio-8080-exec-1] o.a.c.c.C.[Tomcat].[localhost].[/]       : Initializing Spring FrameworkServlet 'dispatcherServlet'
2015-10-10 16:16:46.385  INFO 13373 --- [http-nio-8080-exec-1] o.s.web.servlet.DispatcherServlet        : FrameworkServlet 'dispatcherServlet': initialization started
2015-10-10 16:16:46.403  INFO 13373 --- [http-nio-8080-exec-1] o.s.web.servlet.DispatcherServlet        : FrameworkServlet 'dispatcherServlet': initialization completed in 18 ms
2015-10-10 16:16:46.460 ERROR 13373 --- [http-nio-8080-exec-1] c.assignment.controller.InputController  : Payload not JSON
2015-10-10 16:16:49.563 ERROR 13373 --- [http-nio-8080-exec-2] c.assignment.controller.InputController  : HEAD: Unsupported method
2015-10-10 16:16:53.598 ERROR 13373 --- [http-nio-8080-exec-3] c.assignment.controller.InputController  : PATCH: Unsupported method
2015-10-10 16:20:23.239  INFO 13373 --- [Thread-1] ationConfigEmbeddedWebApplicationContext : Closing org.springframework.boot.context.embedded.AnnotationConfigEmbeddedWebApplicationContext@1d371b2d: startup date [Sat Oct 10 16:16:36 EDT 2015]; root of context hierarchy
2015-10-10 16:20:23.248  INFO 13373 --- [Thread-1] o.s.j.e.a.AnnotationMBeanExporter        : Unregistering JMX-exposed beans on shutdown
2015-10-10 16:20:25.624  INFO 13512 --- [main] cisco.assignment.App                     : Starting App on woodhouse with PID 13512 (/home/kyle/eclipse-spring/cisco/assignment/target/classes started by kyle in /home/kyle/eclipse-spring/cisco/assignment)
2015-10-10 16:20:25.627 DEBUG 13512 --- [main] cisco.assignment.App                     : Running with Spring Boot v1.2.6.RELEASE, Spring v4.1.7.RELEASE
2015-10-10 16:20:25.673  INFO 13512 --- [main] ationConfigEmbeddedWebApplicationContext : Refreshing org.springframework.boot.context.embedded.AnnotationConfigEmbeddedWebApplicationContext@1d371b2d: startup date [Sat Oct 10 16:20:25 EDT 2015]; root of context hierarchy
2015-10-10 16:20:26.215  INFO 13512 --- [main] o.s.b.f.s.DefaultListableBeanFactory     : Overriding bean definition for bean 'beanNameViewResolver': replacing [Root bean: class [null]; scope=; abstract=false; lazyInit=false; autowireMode=3; dependencyCheck=0; autowireCandidate=true; primary=false; factoryBeanName=org.springframework.boot.autoconfigure.web.ErrorMvcAutoConfiguration$WhitelabelErrorViewConfiguration; factoryMethodName=beanNameViewResolver; initMethodName=null; destroyMethodName=(inferred); defined in class path resource [org/springframework/boot/autoconfigure/web/ErrorMvcAutoConfiguration$WhitelabelErrorViewConfiguration.class]] with [Root bean: class [null]; scope=; abstract=false; lazyInit=false; autowireMode=3; dependencyCheck=0; autowireCandidate=true; primary=false; factoryBeanName=org.springframework.boot.autoconfigure.web.WebMvcAutoConfiguration$WebMvcAutoConfigurationAdapter; factoryMethodName=beanNameViewResolver; initMethodName=null; destroyMethodName=(inferred); defined in class path resource [org/springframework/boot/autoconfigure/web/WebMvcAutoConfiguration$WebMvcAutoConfigurationAdapter.class]]
2015-10-10 16:20:27.156  INFO 13512 --- [main] s.b.c.e.t.TomcatEmbeddedServletContainer : Tomcat initialized with port(s): 8080 (http)
2015-10-10 16:20:27.428  INFO 13512 --- [main] o.apache.catalina.core.StandardService   : Starting service Tomcat
2015-10-10 16:20:27.430  INFO 13512 --- [main] org.apache.catalina.core.StandardEngine  : Starting Servlet Engine: Apache Tomcat/8.0.26
2015-10-10 16:20:27.552  INFO 13512 --- [localhost-startStop-1] o.a.c.c.C.[Tomcat].[localhost].[/]       : Initializing Spring embedded WebApplicationContext
2015-10-10 16:20:27.552  INFO 13512 --- [localhost-startStop-1] o.s.web.context.ContextLoader            : Root WebApplicationContext: initialization completed in 1883 ms
2015-10-10 16:20:28.558  INFO 13512 --- [localhost-startStop-1] o.s.b.c.e.ServletRegistrationBean        : Mapping servlet: 'dispatcherServlet' to [/]
2015-10-10 16:20:28.564  INFO 13512 --- [localhost-startStop-1] o.s.b.c.embedded.FilterRegistrationBean  : Mapping filter: 'characterEncodingFilter' to: [/*]
2015-10-10 16:20:28.565  INFO 13512 --- [localhost-startStop-1] o.s.b.c.embedded.FilterRegistrationBean  : Mapping filter: 'hiddenHttpMethodFilter' to: [/*]
2015-10-10 16:20:28.565  INFO 13512 --- [localhost-startStop-1] o.s.b.c.embedded.FilterRegistrationBean  : Mapping filter: 'requestFilter' to: [/*]
2015-10-10 16:20:28.982  INFO 13512 --- [main] s.w.s.m.m.a.RequestMappingHandlerAdapter : Looking for @ControllerAdvice: org.springframework.boot.context.embedded.AnnotationConfigEmbeddedWebApplicationContext@1d371b2d: startup date [Sat Oct 10 16:20:25 EDT 2015]; root of context hierarchy
2015-10-10 16:20:29.050  INFO 13512 --- [main] s.w.s.m.m.a.RequestMappingHandlerMapping : Mapped "{[]}" onto public void cisco.assignment.controller.InputController.unmappedOperations(javax.servlet.http.HttpServletRequest,javax.servlet.http.HttpServletResponse)
2015-10-10 16:20:29.051  INFO 13512 --- [main] s.w.s.m.m.a.RequestMappingHandlerMapping : Mapped "{[/api/objects],methods=[GET],produces=[application/json]}" onto public cisco.assignment.model.URLListObject cisco.assignment.controller.InputController.getAll(javax.servlet.http.HttpServletRequest)
2015-10-10 16:20:29.052  INFO 13512 --- [main] s.w.s.m.m.a.RequestMappingHandlerMapping : Mapped "{[/api/objects],methods=[POST],consumes=[application/json],produces=[application/json]}" onto public cisco.assignment.model.DataObject cisco.assignment.controller.InputController.post(java.util.Map<java.lang.String, java.lang.Object>)
2015-10-10 16:20:29.052  INFO 13512 --- [main] s.w.s.m.m.a.RequestMappingHandlerMapping : Mapped "{[/api/objects/{uid}],methods=[GET],produces=[application/json]}" onto public cisco.assignment.model.DataObject cisco.assignment.controller.InputController.get(java.lang.String)
2015-10-10 16:20:29.052  INFO 13512 --- [main] s.w.s.m.m.a.RequestMappingHandlerMapping : Mapped "{[/api/objects/{uid}],methods=[PUT],consumes=[application/json],produces=[application/json]}" onto public cisco.assignment.model.DataObject cisco.assignment.controller.InputController.put(java.lang.String,java.util.Map<java.lang.String, java.lang.Object>)
2015-10-10 16:20:29.053  INFO 13512 --- [main] s.w.s.m.m.a.RequestMappingHandlerMapping : Mapped "{[/api/objects/{uid}],methods=[DELETE]}" onto public void cisco.assignment.controller.InputController.delete(java.lang.String)
2015-10-10 16:20:29.055  INFO 13512 --- [main] s.w.s.m.m.a.RequestMappingHandlerMapping : Mapped "{[/error],produces=[text/html]}" onto public org.springframework.web.servlet.ModelAndView org.springframework.boot.autoconfigure.web.BasicErrorController.errorHtml(javax.servlet.http.HttpServletRequest)
2015-10-10 16:20:29.055  INFO 13512 --- [main] s.w.s.m.m.a.RequestMappingHandlerMapping : Mapped "{[/error]}" onto public org.springframework.http.ResponseEntity<java.util.Map<java.lang.String, java.lang.Object>> org.springframework.boot.autoconfigure.web.BasicErrorController.error(javax.servlet.http.HttpServletRequest)
2015-10-10 16:20:29.082  INFO 13512 --- [main] o.s.w.s.handler.SimpleUrlHandlerMapping  : Mapped URL path [/webjars/**] onto handler of type [class org.springframework.web.servlet.resource.ResourceHttpRequestHandler]
2015-10-10 16:20:29.082  INFO 13512 --- [main] o.s.w.s.handler.SimpleUrlHandlerMapping  : Mapped URL path [/**] onto handler of type [class org.springframework.web.servlet.resource.ResourceHttpRequestHandler]
2015-10-10 16:20:29.107  INFO 13512 --- [main] .m.m.a.ExceptionHandlerExceptionResolver : Detected @ExceptionHandler methods in exceptionController
2015-10-10 16:20:29.126  INFO 13512 --- [main] o.s.w.s.handler.SimpleUrlHandlerMapping  : Mapped URL path [/**/favicon.ico] onto handler of type [class org.springframework.web.servlet.resource.ResourceHttpRequestHandler]
2015-10-10 16:20:29.194  INFO 13512 --- [main] o.s.j.e.a.AnnotationMBeanExporter        : Registering beans for JMX exposure on startup
2015-10-10 16:20:29.267  INFO 13512 --- [main] s.b.c.e.t.TomcatEmbeddedServletContainer : Tomcat started on port(s): 8080 (http)
2015-10-10 16:20:29.269  INFO 13512 --- [main] cisco.assignment.App                     : Started App in 3.893 seconds (JVM running for 4.293)
2015-10-10 16:20:33.531  INFO 13512 --- [http-nio-8080-exec-1] o.a.c.c.C.[Tomcat].[localhost].[/]       : Initializing Spring FrameworkServlet 'dispatcherServlet'
2015-10-10 16:20:33.532  INFO 13512 --- [http-nio-8080-exec-1] o.s.web.servlet.DispatcherServlet        : FrameworkServlet 'dispatcherServlet': initialization started
2015-10-10 16:20:33.546  INFO 13512 --- [http-nio-8080-exec-1] o.s.web.servlet.DispatcherServlet        : FrameworkServlet 'dispatcherServlet': initialization completed in 14 ms
2015-10-10 16:20:33.572 ERROR 13512 --- [http-nio-8080-exec-1] c.assignment.controller.InputController  : PATCH: Unsupported method
2015-10-10 16:20:45.338 ERROR 13512 --- [http-nio-8080-exec-3] c.assignment.controller.InputController  : HEAD: Unsupported method
